<?xml version="1.0" encoding="UTF-8"?>
<robot generator="Robot 6.1 (Python 3.10.6 on win32)" generated="20240223 23:37:41.950" rpa="false" schemaversion="4">
<suite id="s1" name="Ejercicio2" source="c:\Users\andre.riquelme\Documents\GitHub\BootcampS3-Andre\Sesion2\Ejercicio2.robot">
<test id="s1-t1" name="Generate Data" line="11">
<kw name="Open Browser" library="SeleniumLibrary">
<arg>https://testpages.herokuapp.com/styled/validation/input-validation.html</arg>
<arg>chrome</arg>
<doc>Opens a new browser instance to the optional ``url``.</doc>
<msg timestamp="20240223 23:37:42.114" level="INFO">Opening browser 'chrome' to base url 'https://testpages.herokuapp.com/styled/validation/input-validation.html'.</msg>
<status status="PASS" starttime="20240223 23:37:42.113" endtime="20240223 23:37:44.637"/>
</kw>
<kw name="Generate Random String" library="String">
<var>${low}</var>
<arg>8</arg>
<doc>Generates a string with a desired ``length`` from the given ``chars``.</doc>
<msg timestamp="20240223 23:37:44.640" level="INFO">${low} = gX9KHzOs</msg>
<status status="PASS" starttime="20240223 23:37:44.639" endtime="20240223 23:37:44.641"/>
</kw>
<kw name="Generate Random String" library="String">
<var>${hex}</var>
<arg>1-20</arg>
<doc>Generates a string with a desired ``length`` from the given ``chars``.</doc>
<msg timestamp="20240223 23:37:44.643" level="INFO">${hex} = g8Z3vKeqG</msg>
<status status="PASS" starttime="20240223 23:37:44.642" endtime="20240223 23:37:44.643"/>
</kw>
<kw name="Input Text" library="SeleniumLibrary">
<arg>id=firstname</arg>
<arg>${low}</arg>
<doc>Types the given ``text`` into the text field identified by ``locator``.</doc>
<msg timestamp="20240223 23:37:44.645" level="INFO">Typing text 'gX9KHzOs' into text field 'id=firstname'.</msg>
<status status="PASS" starttime="20240223 23:37:44.644" endtime="20240223 23:37:44.759"/>
</kw>
<kw name="Input Text" library="SeleniumLibrary">
<arg>id=surname</arg>
<arg>${low}</arg>
<doc>Types the given ``text`` into the text field identified by ``locator``.</doc>
<msg timestamp="20240223 23:37:44.760" level="INFO">Typing text 'gX9KHzOs' into text field 'id=surname'.</msg>
<status status="PASS" starttime="20240223 23:37:44.760" endtime="20240223 23:37:44.811"/>
</kw>
<kw name="Input Text" library="SeleniumLibrary">
<arg>id=age</arg>
<arg>${hex}</arg>
<doc>Types the given ``text`` into the text field identified by ``locator``.</doc>
<msg timestamp="20240223 23:37:44.813" level="INFO">Typing text 'g8Z3vKeqG' into text field 'id=age'.</msg>
<status status="PASS" starttime="20240223 23:37:44.812" endtime="20240223 23:37:44.866"/>
</kw>
<tag>datrdm</tag>
<status status="PASS" starttime="20240223 23:37:42.112" endtime="20240223 23:37:44.866"/>
</test>
<status status="PASS" starttime="20240223 23:37:41.953" endtime="20240223 23:37:44.868"/>
</suite>
<statistics>
<total>
<stat pass="1" fail="0" skip="0">All Tests</stat>
</total>
<tag>
<stat pass="1" fail="0" skip="0">datrdm</stat>
</tag>
<suite>
<stat pass="1" fail="0" skip="0" id="s1" name="Ejercicio2">Ejercicio2</stat>
</suite>
</statistics>
<errors>
</errors>
</robot>
