<?xml version="1.0" encoding="UTF-8"?>
<robot generator="Robot 6.1 (Python 3.10.6 on win32)" generated="20240223 23:29:21.075" rpa="false" schemaversion="4">
<suite id="s1" name="Sesion2" source="C:\Users\andre.riquelme\Documents\GitHub\BootcampS3-Andre\Sesion2">
<suite id="s1-s1" name="Ejercicio2" source="C:\Users\andre.riquelme\Documents\GitHub\BootcampS3-Andre\Sesion2\Ejercicio2.robot">
<test id="s1-s1-t1" name="Generate Data" line="11">
<kw name="Open Browser" library="SeleniumLibrary">
<arg>https://testpages.herokuapp.com/styled/validation/input-validation.html</arg>
<arg>chrome</arg>
<doc>Opens a new browser instance to the optional ``url``.</doc>
<msg timestamp="20240223 23:29:21.202" level="INFO">Opening browser 'chrome' to base url 'https://testpages.herokuapp.com/styled/validation/input-validation.html'.</msg>
<status status="PASS" starttime="20240223 23:29:21.201" endtime="20240223 23:29:23.700"/>
</kw>
<kw name="Generate Random String" library="String">
<var>${low}</var>
<arg>8</arg>
<doc>Generates a string with a desired ``length`` from the given ``chars``.</doc>
<msg timestamp="20240223 23:29:23.701" level="INFO">${low} = GLuxVZpg</msg>
<status status="PASS" starttime="20240223 23:29:23.700" endtime="20240223 23:29:23.701"/>
</kw>
<kw name="Input Text" library="SeleniumLibrary">
<arg>id=firstname</arg>
<arg>${low}</arg>
<doc>Types the given ``text`` into the text field identified by ``locator``.</doc>
<msg timestamp="20240223 23:29:23.703" level="INFO">Typing text 'GLuxVZpg' into text field 'id=firstname'.</msg>
<status status="PASS" starttime="20240223 23:29:23.702" endtime="20240223 23:29:23.809"/>
</kw>
<tag>datrdm</tag>
<status status="PASS" starttime="20240223 23:29:21.201" endtime="20240223 23:29:23.810"/>
</test>
<status status="PASS" starttime="20240223 23:29:21.088" endtime="20240223 23:29:23.810"/>
</suite>
<status status="PASS" starttime="20240223 23:29:21.076" endtime="20240223 23:29:23.812"/>
</suite>
<statistics>
<total>
<stat pass="1" fail="0" skip="0">All Tests</stat>
</total>
<tag>
<stat pass="1" fail="0" skip="0">datrdm</stat>
</tag>
<suite>
<stat pass="1" fail="0" skip="0" id="s1" name="Sesion2">Sesion2</stat>
<stat pass="1" fail="0" skip="0" id="s1-s1" name="Ejercicio2">Sesion2.Ejercicio2</stat>
</suite>
</statistics>
<errors>
</errors>
</robot>
